build/app/intermediates/manifest_merge_blame_file/release/manifest-merger-blame-release-report.txt
1<?xml version="1.0" encoding="utf-8"?>
2<manifest xmlns:android="http://schemas.android.com/apk/res/android"
3    package="br.com.alfatektecnologia.latam"
4    android:versionCode="1"
5    android:versionName="1.0.0" >
6
7    <uses-sdk
8        android:minSdkVersion="16"
8-->src\main\AndroidManifest.xml
9        android:targetSdkVersion="28" />
9-->src\main\AndroidManifest.xml
10    <!--
11         io.flutter.app.FlutterApplication is an android.app.Application that
12         calls FlutterMain.startInitialization(this); in its onCreate method.
13         In most cases you can leave this as-is, but you if you want to provide
14         additional functionality it is fine to subclass or reimplement
15         FlutterApplication and put your custom class here.
16    -->
17    <uses-permission android:name="android.permission.INTERNET" />
17-->src\main\AndroidManifest.xml:8:10-71
17-->src\main\AndroidManifest.xml:8:27-69
18    <uses-permission android:name="android.permission.ACCESS_NETWORK_STATE" />
18-->[com.google.android.gms:play-services-measurement:17.2.2] AndroidManifest.xml:24:5-79
18-->[com.google.android.gms:play-services-measurement:17.2.2] AndroidManifest.xml:24:22-76
19    <uses-permission android:name="android.permission.WAKE_LOCK" />
19-->[com.google.android.gms:play-services-measurement:17.2.2] AndroidManifest.xml:25:5-68
19-->[com.google.android.gms:play-services-measurement:17.2.2] AndroidManifest.xml:25:22-65
20    <uses-permission android:name="com.google.android.finsky.permission.BIND_GET_INSTALL_REFERRER_SERVICE" /> <!-- Required by older versions of Google Play services to create IID tokens -->
20-->[com.google.android.gms:play-services-measurement:17.2.2] AndroidManifest.xml:26:5-110
20-->[com.google.android.gms:play-services-measurement:17.2.2] AndroidManifest.xml:26:22-107
21    <uses-permission android:name="com.google.android.c2dm.permission.RECEIVE" />
21-->[com.google.firebase:firebase-iid:20.0.2] AndroidManifest.xml:26:5-82
21-->[com.google.firebase:firebase-iid:20.0.2] AndroidManifest.xml:26:22-79
22
23    <application
23-->src\main\AndroidManifest.xml:9:5-30:19
24        android:name="io.flutter.app.FlutterApplication"
24-->src\main\AndroidManifest.xml:10:9-57
25        android:appComponentFactory="androidx.core.app.CoreComponentFactory"
25-->[androidx.core:core:1.0.0] AndroidManifest.xml:22:18-86
26        android:icon="@mipmap/ic_launcher"
26-->src\main\AndroidManifest.xml:12:9-43
27        android:label="RBAC 117 - LATAM" >
27-->src\main\AndroidManifest.xml:11:9-41
28        <activity
28-->src\main\AndroidManifest.xml:13:9-24:20
29            android:name="br.com.alfatektecnologia.latam.MainActivity"
29-->src\main\AndroidManifest.xml:14:13-41
30            android:configChanges="orientation|keyboardHidden|keyboard|screenSize|smallestScreenSize|locale|layoutDirection|fontScale|screenLayout|density|uiMode"
30-->src\main\AndroidManifest.xml:17:13-163
31            android:hardwareAccelerated="true"
31-->src\main\AndroidManifest.xml:18:13-47
32            android:launchMode="singleTop"
32-->src\main\AndroidManifest.xml:15:13-43
33            android:theme="@style/LaunchTheme"
33-->src\main\AndroidManifest.xml:16:13-47
34            android:windowSoftInputMode="adjustResize" >
34-->src\main\AndroidManifest.xml:19:13-55
35            <intent-filter>
35-->src\main\AndroidManifest.xml:20:13-23:29
36                <action android:name="android.intent.action.MAIN" />
36-->src\main\AndroidManifest.xml:21:17-68
36-->src\main\AndroidManifest.xml:21:25-66
37
38                <category android:name="android.intent.category.LAUNCHER" />
38-->src\main\AndroidManifest.xml:22:17-76
38-->src\main\AndroidManifest.xml:22:27-74
39            </intent-filter>
40        </activity>
41        <!--
42             Don't delete the meta-data below.
43             This is used by the Flutter tool to generate GeneratedPluginRegistrant.java
44        -->
45        <meta-data
45-->src\main\AndroidManifest.xml:27:9-29:33
46            android:name="flutterEmbedding"
46-->src\main\AndroidManifest.xml:28:13-44
47            android:value="2" />
47-->src\main\AndroidManifest.xml:29:13-30
48
49        <service
49-->[:firebase_storage] AndroidManifest.xml:8:9-12:19
50            android:name="com.google.firebase.components.ComponentDiscoveryService"
50-->[:firebase_storage] AndroidManifest.xml:8:18-89
51            android:directBootAware="true"
51-->[com.google.firebase:firebase-common:19.3.0] AndroidManifest.xml:34:13-43
52            android:exported="false" >
52-->[com.google.android.gms:play-services-measurement-api:17.2.2] AndroidManifest.xml:29:13-37
53            <meta-data
53-->[:firebase_storage] AndroidManifest.xml:9:13-11:85
54                android:name="com.google.firebase.components:io.flutter.plugins.firebase.storage.FlutterFirebaseAppRegistrar"
54-->[:firebase_storage] AndroidManifest.xml:10:17-126
55                android:value="com.google.firebase.components.ComponentRegistrar" />
55-->[:firebase_storage] AndroidManifest.xml:11:17-82
56            <meta-data
56-->[:firebase_auth] AndroidManifest.xml:9:13-11:85
57                android:name="com.google.firebase.components:io.flutter.plugins.firebaseauth.FlutterFirebaseAppRegistrar"
57-->[:firebase_auth] AndroidManifest.xml:10:17-122
58                android:value="com.google.firebase.components.ComponentRegistrar" />
58-->[:firebase_auth] AndroidManifest.xml:11:17-82
59            <meta-data
59-->[:cloud_firestore] AndroidManifest.xml:9:13-11:85
60                android:name="com.google.firebase.components:io.flutter.plugins.firebase.cloudfirestore.FlutterFirebaseAppRegistrar"
60-->[:cloud_firestore] AndroidManifest.xml:10:17-133
61                android:value="com.google.firebase.components.ComponentRegistrar" />
61-->[:cloud_firestore] AndroidManifest.xml:11:17-82
62            <meta-data
62-->[:firebase_core] AndroidManifest.xml:9:13-11:85
63                android:name="com.google.firebase.components:io.flutter.plugins.firebase.core.FlutterFirebaseAppRegistrar"
63-->[:firebase_core] AndroidManifest.xml:10:17-123
64                android:value="com.google.firebase.components.ComponentRegistrar" />
64-->[:firebase_core] AndroidManifest.xml:11:17-82
65            <meta-data
65-->[com.google.android.gms:play-services-measurement-api:17.2.2] AndroidManifest.xml:30:13-32:85
66                android:name="com.google.firebase.components:com.google.firebase.analytics.connector.internal.AnalyticsConnectorRegistrar"
66-->[com.google.android.gms:play-services-measurement-api:17.2.2] AndroidManifest.xml:31:17-139
67                android:value="com.google.firebase.components.ComponentRegistrar" />
67-->[com.google.android.gms:play-services-measurement-api:17.2.2] AndroidManifest.xml:32:17-82
68            <meta-data
68-->[com.google.firebase:firebase-storage:17.0.0] AndroidManifest.xml:31:13-33:85
69                android:name="com.google.firebase.components:com.google.firebase.storage.StorageRegistrar"
69-->[com.google.firebase:firebase-storage:17.0.0] AndroidManifest.xml:32:17-107
70                android:value="com.google.firebase.components.ComponentRegistrar" />
70-->[com.google.firebase:firebase-storage:17.0.0] AndroidManifest.xml:33:17-82
71            <meta-data
71-->[com.google.firebase:firebase-firestore:21.3.0] AndroidManifest.xml:20:13-22:85
72                android:name="com.google.firebase.components:com.google.firebase.firestore.FirestoreRegistrar"
72-->[com.google.firebase:firebase-firestore:21.3.0] AndroidManifest.xml:21:17-111
73                android:value="com.google.firebase.components.ComponentRegistrar" />
73-->[com.google.firebase:firebase-firestore:21.3.0] AndroidManifest.xml:22:17-82
74            <meta-data
74-->[com.google.firebase:firebase-auth:19.2.0] AndroidManifest.xml:36:13-38:85
75                android:name="com.google.firebase.components:com.google.firebase.auth.FirebaseAuthRegistrar"
75-->[com.google.firebase:firebase-auth:19.2.0] AndroidManifest.xml:37:17-109
76                android:value="com.google.firebase.components.ComponentRegistrar" />
76-->[com.google.firebase:firebase-auth:19.2.0] AndroidManifest.xml:38:17-82
77            <meta-data
77-->[com.google.firebase:firebase-iid:20.0.2] AndroidManifest.xml:32:13-34:85
78                android:name="com.google.firebase.components:com.google.firebase.iid.Registrar"
78-->[com.google.firebase:firebase-iid:20.0.2] AndroidManifest.xml:33:17-96
79                android:value="com.google.firebase.components.ComponentRegistrar" />
79-->[com.google.firebase:firebase-iid:20.0.2] AndroidManifest.xml:34:17-82
80        </service>
81
82        <receiver
82-->[com.google.android.gms:play-services-measurement:17.2.2] AndroidManifest.xml:29:9-33:20
83            android:name="com.google.android.gms.measurement.AppMeasurementReceiver"
83-->[com.google.android.gms:play-services-measurement:17.2.2] AndroidManifest.xml:30:13-85
84            android:enabled="true"
84-->[com.google.android.gms:play-services-measurement:17.2.2] AndroidManifest.xml:31:13-35
85            android:exported="false" >
85-->[com.google.android.gms:play-services-measurement:17.2.2] AndroidManifest.xml:32:13-37
86        </receiver>
87        <receiver
87-->[com.google.android.gms:play-services-measurement:17.2.2] AndroidManifest.xml:34:9-42:20
88            android:name="com.google.android.gms.measurement.AppMeasurementInstallReferrerReceiver"
88-->[com.google.android.gms:play-services-measurement:17.2.2] AndroidManifest.xml:35:13-100
89            android:enabled="true"
89-->[com.google.android.gms:play-services-measurement:17.2.2] AndroidManifest.xml:36:13-35
90            android:exported="true"
90-->[com.google.android.gms:play-services-measurement:17.2.2] AndroidManifest.xml:37:13-36
91            android:permission="android.permission.INSTALL_PACKAGES" >
91-->[com.google.android.gms:play-services-measurement:17.2.2] AndroidManifest.xml:38:13-69
92            <intent-filter>
92-->[com.google.android.gms:play-services-measurement:17.2.2] AndroidManifest.xml:39:13-41:29
93                <action android:name="com.android.vending.INSTALL_REFERRER" />
93-->[com.google.android.gms:play-services-measurement:17.2.2] AndroidManifest.xml:40:17-79
93-->[com.google.android.gms:play-services-measurement:17.2.2] AndroidManifest.xml:40:25-76
94            </intent-filter>
95        </receiver>
96
97        <service
97-->[com.google.android.gms:play-services-measurement:17.2.2] AndroidManifest.xml:44:9-47:40
98            android:name="com.google.android.gms.measurement.AppMeasurementService"
98-->[com.google.android.gms:play-services-measurement:17.2.2] AndroidManifest.xml:45:13-84
99            android:enabled="true"
99-->[com.google.android.gms:play-services-measurement:17.2.2] AndroidManifest.xml:46:13-35
100            android:exported="false" />
100-->[com.google.android.gms:play-services-measurement:17.2.2] AndroidManifest.xml:47:13-37
101        <service
101-->[com.google.android.gms:play-services-measurement:17.2.2] AndroidManifest.xml:48:9-52:72
102            android:name="com.google.android.gms.measurement.AppMeasurementJobService"
102-->[com.google.android.gms:play-services-measurement:17.2.2] AndroidManifest.xml:49:13-87
103            android:enabled="true"
103-->[com.google.android.gms:play-services-measurement:17.2.2] AndroidManifest.xml:50:13-35
104            android:exported="false"
104-->[com.google.android.gms:play-services-measurement:17.2.2] AndroidManifest.xml:51:13-37
105            android:permission="android.permission.BIND_JOB_SERVICE" />
105-->[com.google.android.gms:play-services-measurement:17.2.2] AndroidManifest.xml:52:13-69
106
107        <activity
107-->[com.google.firebase:firebase-auth:19.2.0] AndroidManifest.xml:24:9-31:50
108            android:name="com.google.firebase.auth.internal.FederatedSignInActivity"
108-->[com.google.firebase:firebase-auth:19.2.0] AndroidManifest.xml:25:13-85
109            android:excludeFromRecents="true"
109-->[com.google.firebase:firebase-auth:19.2.0] AndroidManifest.xml:26:13-46
110            android:exported="true"
110-->[com.google.firebase:firebase-auth:19.2.0] AndroidManifest.xml:27:13-36
111            android:launchMode="singleTask"
111-->[com.google.firebase:firebase-auth:19.2.0] AndroidManifest.xml:28:13-44
112            android:permission="com.google.firebase.auth.api.gms.permission.LAUNCH_FEDERATED_SIGN_IN"
112-->[com.google.firebase:firebase-auth:19.2.0] AndroidManifest.xml:29:13-102
113            android:theme="@android:style/Theme.Translucent.NoTitleBar" />
113-->[com.google.firebase:firebase-auth:19.2.0] AndroidManifest.xml:30:13-72
114
115        <receiver
115-->[com.google.firebase:firebase-iid:20.0.2] AndroidManifest.xml:37:9-44:20
116            android:name="com.google.firebase.iid.FirebaseInstanceIdReceiver"
116-->[com.google.firebase:firebase-iid:20.0.2] AndroidManifest.xml:38:13-78
117            android:exported="true"
117-->[com.google.firebase:firebase-iid:20.0.2] AndroidManifest.xml:39:13-36
118            android:permission="com.google.android.c2dm.permission.SEND" >
118-->[com.google.firebase:firebase-iid:20.0.2] AndroidManifest.xml:40:13-73
119            <intent-filter>
119-->[com.google.firebase:firebase-iid:20.0.2] AndroidManifest.xml:41:13-43:29
120                <action android:name="com.google.android.c2dm.intent.RECEIVE" />
120-->[com.google.firebase:firebase-iid:20.0.2] AndroidManifest.xml:42:17-81
120-->[com.google.firebase:firebase-iid:20.0.2] AndroidManifest.xml:42:25-78
121            </intent-filter>
122        </receiver>
123
124        <provider
124-->[com.google.firebase:firebase-common:19.3.0] AndroidManifest.xml:26:9-30:39
125            android:name="com.google.firebase.provider.FirebaseInitProvider"
125-->[com.google.firebase:firebase-common:19.3.0] AndroidManifest.xml:27:13-77
126            android:authorities="br.com.alfatektecnologia.latam.firebaseinitprovider"
126-->[com.google.firebase:firebase-common:19.3.0] AndroidManifest.xml:28:13-72
127            android:exported="false"
127-->[com.google.firebase:firebase-common:19.3.0] AndroidManifest.xml:29:13-37
128            android:initOrder="100" />
128-->[com.google.firebase:firebase-common:19.3.0] AndroidManifest.xml:30:13-36
129
130        <activity
130-->[com.google.android.gms:play-services-base:17.1.0] AndroidManifest.xml:23:9-26:75
131            android:name="com.google.android.gms.common.api.GoogleApiActivity"
131-->[com.google.android.gms:play-services-base:17.1.0] AndroidManifest.xml:24:13-79
132            android:exported="false"
132-->[com.google.android.gms:play-services-base:17.1.0] AndroidManifest.xml:25:13-37
133            android:theme="@android:style/Theme.Translucent.NoTitleBar" />
133-->[com.google.android.gms:play-services-base:17.1.0] AndroidManifest.xml:26:13-72
134
135        <meta-data
135-->[com.google.android.gms:play-services-basement:17.0.0] AndroidManifest.xml:23:9-25:69
136            android:name="com.google.android.gms.version"
136-->[com.google.android.gms:play-services-basement:17.0.0] AndroidManifest.xml:24:13-58
137            android:value="@integer/google_play_services_version" />
137-->[com.google.android.gms:play-services-basement:17.0.0] AndroidManifest.xml:25:13-66
138    </application>
139
140</manifest>